2015/12/01 22:11:31 [error] [exception.CHttpException.404] exception 'CHttpException' with message 'Unable to resolve the request "gii/default/login".' in C:\Server\domains\localhost\public_html\yii\intersvyazTest\vendor\yiisoft\yii\framework\web\CWebApplication.php:286
Stack trace:
#0 C:\Server\domains\localhost\public_html\yii\intersvyazTest\vendor\yiisoft\yii\framework\web\CWebApplication.php(141): CWebApplication->runController('gii/default/log...')
#1 C:\Server\domains\localhost\public_html\yii\intersvyazTest\vendor\yiisoft\yii\framework\base\CApplication.php(184): CWebApplication->processRequest()
#2 C:\Server\domains\localhost\public_html\yii\intersvyazTest\index.php(15): CApplication->run()
#3 {main}
REQUEST_URI=/yii/intersvyazTest/index.php?r=gii/default/login
---
2015/12/01 22:11:43 [error] [exception.CHttpException.404] exception 'CHttpException' with message 'Unable to resolve the request "login".' in C:\Server\domains\localhost\public_html\yii\intersvyazTest\vendor\yiisoft\yii\framework\web\CWebApplication.php:286
Stack trace:
#0 C:\Server\domains\localhost\public_html\yii\intersvyazTest\vendor\yiisoft\yii\framework\web\CWebApplication.php(141): CWebApplication->runController('login')
#1 C:\Server\domains\localhost\public_html\yii\intersvyazTest\vendor\yiisoft\yii\framework\base\CApplication.php(184): CWebApplication->processRequest()
#2 C:\Server\domains\localhost\public_html\yii\intersvyazTest\index.php(15): CApplication->run()
#3 {main}
REQUEST_URI=/yii/intersvyazTest/index.php?r=login
---
2015/12/01 22:30:49 [error] [exception.CDbException] exception 'CDbException' with message 'CDbConnection failed to open the DB connection: could not find driver' in C:\Server\domains\localhost\public_html\yii\intersvyazTest\vendor\yiisoft\yii\framework\db\CDbConnection.php:399
Stack trace:
#0 C:\Server\domains\localhost\public_html\yii\intersvyazTest\vendor\yiisoft\yii\framework\db\CDbConnection.php(347): CDbConnection->open()
#1 C:\Server\domains\localhost\public_html\yii\intersvyazTest\vendor\yiisoft\yii\framework\db\CDbConnection.php(325): CDbConnection->setActive(true)
#2 C:\Server\domains\localhost\public_html\yii\intersvyazTest\vendor\yiisoft\yii\framework\base\CModule.php(394): CDbConnection->init()
#3 C:\Server\domains\localhost\public_html\yii\intersvyazTest\vendor\yiisoft\yii\framework\base\CModule.php(103): CModule->getComponent('db')
#4 C:\Server\domains\localhost\public_html\yii\intersvyazTest\vendor\yiisoft\yii\framework\gii\generators\model\ModelCode.php(60): CModule->__get('db')
#5 C:\Server\domains\localhost\public_html\yii\intersvyazTest\vendor\yiisoft\yii\framework\web\CFormModel.php(39): ModelCode->init()
#6 C:\Server\domains\localhost\public_html\yii\intersvyazTest\vendor\yiisoft\yii\framework\gii\CCodeGenerator.php(153): CFormModel->__construct()
#7 C:\Server\domains\localhost\public_html\yii\intersvyazTest\vendor\yiisoft\yii\framework\gii\CCodeGenerator.php(63): CCodeGenerator->prepare()
#8 C:\Server\domains\localhost\public_html\yii\intersvyazTest\vendor\yiisoft\yii\framework\web\actions\CInlineAction.php(49): CCodeGenerator->actionIndex()
#9 C:\Server\domains\localhost\public_html\yii\intersvyazTest\vendor\yiisoft\yii\framework\web\CController.php(308): CInlineAction->runWithParams(Array)
#10 C:\Server\domains\localhost\public_html\yii\intersvyazTest\vendor\yiisoft\yii\framework\web\CController.php(286): CController->runAction(Object(CInlineAction))
#11 C:\Server\domains\localhost\public_html\yii\intersvyazTest\vendor\yiisoft\yii\framework\web\CController.php(265): CController->runActionWithFilters(Object(CInlineAction), Array)
#12 C:\Server\domains\localhost\public_html\yii\intersvyazTest\vendor\yiisoft\yii\framework\web\CWebApplication.php(282): CController->run('index')
#13 C:\Server\domains\localhost\public_html\yii\intersvyazTest\vendor\yiisoft\yii\framework\web\CWebApplication.php(141): CWebApplication->runController('gii/model/index')
#14 C:\Server\domains\localhost\public_html\yii\intersvyazTest\vendor\yiisoft\yii\framework\base\CApplication.php(184): CWebApplication->processRequest()
#15 C:\Server\domains\localhost\public_html\yii\intersvyazTest\index.php(15): CApplication->run()
#16 {main}
REQUEST_URI=/yii/intersvyazTest/index.php?r=gii/model/index
HTTP_REFERER=http://localhost/yii/intersvyazTest/index.php?r=gii
---
2015/12/01 22:31:49 [error] [exception.CDbException] exception 'CDbException' with message 'CDbConnection failed to open the DB connection: could not find driver' in C:\Server\domains\localhost\public_html\yii\intersvyazTest\vendor\yiisoft\yii\framework\db\CDbConnection.php:399
Stack trace:
#0 C:\Server\domains\localhost\public_html\yii\intersvyazTest\vendor\yiisoft\yii\framework\db\CDbConnection.php(347): CDbConnection->open()
#1 C:\Server\domains\localhost\public_html\yii\intersvyazTest\vendor\yiisoft\yii\framework\db\CDbConnection.php(325): CDbConnection->setActive(true)
#2 C:\Server\domains\localhost\public_html\yii\intersvyazTest\vendor\yiisoft\yii\framework\base\CModule.php(394): CDbConnection->init()
#3 C:\Server\domains\localhost\public_html\yii\intersvyazTest\vendor\yiisoft\yii\framework\base\CModule.php(103): CModule->getComponent('db')
#4 C:\Server\domains\localhost\public_html\yii\intersvyazTest\vendor\yiisoft\yii\framework\gii\generators\model\ModelCode.php(60): CModule->__get('db')
#5 C:\Server\domains\localhost\public_html\yii\intersvyazTest\vendor\yiisoft\yii\framework\web\CFormModel.php(39): ModelCode->init()
#6 C:\Server\domains\localhost\public_html\yii\intersvyazTest\vendor\yiisoft\yii\framework\gii\CCodeGenerator.php(153): CFormModel->__construct()
#7 C:\Server\domains\localhost\public_html\yii\intersvyazTest\vendor\yiisoft\yii\framework\gii\CCodeGenerator.php(63): CCodeGenerator->prepare()
#8 C:\Server\domains\localhost\public_html\yii\intersvyazTest\vendor\yiisoft\yii\framework\web\actions\CInlineAction.php(49): CCodeGenerator->actionIndex()
#9 C:\Server\domains\localhost\public_html\yii\intersvyazTest\vendor\yiisoft\yii\framework\web\CController.php(308): CInlineAction->runWithParams(Array)
#10 C:\Server\domains\localhost\public_html\yii\intersvyazTest\vendor\yiisoft\yii\framework\web\CController.php(286): CController->runAction(Object(CInlineAction))
#11 C:\Server\domains\localhost\public_html\yii\intersvyazTest\vendor\yiisoft\yii\framework\web\CController.php(265): CController->runActionWithFilters(Object(CInlineAction), Array)
#12 C:\Server\domains\localhost\public_html\yii\intersvyazTest\vendor\yiisoft\yii\framework\web\CWebApplication.php(282): CController->run('index')
#13 C:\Server\domains\localhost\public_html\yii\intersvyazTest\vendor\yiisoft\yii\framework\web\CWebApplication.php(141): CWebApplication->runController('gii/model/index')
#14 C:\Server\domains\localhost\public_html\yii\intersvyazTest\vendor\yiisoft\yii\framework\base\CApplication.php(184): CWebApplication->processRequest()
#15 C:\Server\domains\localhost\public_html\yii\intersvyazTest\index.php(15): CApplication->run()
#16 {main}
REQUEST_URI=/yii/intersvyazTest/index.php?r=gii/model/index
HTTP_REFERER=http://localhost/yii/intersvyazTest/index.php?r=gii
---
2015/12/01 22:36:27 [error] [exception.CDbException] exception 'CDbException' with message 'CDbConnection failed to open the DB connection: could not find driver' in C:\Server\domains\localhost\public_html\yii\intersvyazTest\vendor\yiisoft\yii\framework\db\CDbConnection.php:399
Stack trace:
#0 C:\Server\domains\localhost\public_html\yii\intersvyazTest\vendor\yiisoft\yii\framework\db\CDbConnection.php(347): CDbConnection->open()
#1 C:\Server\domains\localhost\public_html\yii\intersvyazTest\vendor\yiisoft\yii\framework\db\CDbConnection.php(325): CDbConnection->setActive(true)
#2 C:\Server\domains\localhost\public_html\yii\intersvyazTest\vendor\yiisoft\yii\framework\base\CModule.php(394): CDbConnection->init()
#3 C:\Server\domains\localhost\public_html\yii\intersvyazTest\vendor\yiisoft\yii\framework\base\CModule.php(103): CModule->getComponent('db')
#4 C:\Server\domains\localhost\public_html\yii\intersvyazTest\vendor\yiisoft\yii\framework\gii\generators\model\ModelCode.php(60): CModule->__get('db')
#5 C:\Server\domains\localhost\public_html\yii\intersvyazTest\vendor\yiisoft\yii\framework\web\CFormModel.php(39): ModelCode->init()
#6 C:\Server\domains\localhost\public_html\yii\intersvyazTest\vendor\yiisoft\yii\framework\gii\CCodeGenerator.php(153): CFormModel->__construct()
#7 C:\Server\domains\localhost\public_html\yii\intersvyazTest\vendor\yiisoft\yii\framework\gii\CCodeGenerator.php(63): CCodeGenerator->prepare()
#8 C:\Server\domains\localhost\public_html\yii\intersvyazTest\vendor\yiisoft\yii\framework\web\actions\CInlineAction.php(49): CCodeGenerator->actionIndex()
#9 C:\Server\domains\localhost\public_html\yii\intersvyazTest\vendor\yiisoft\yii\framework\web\CController.php(308): CInlineAction->runWithParams(Array)
#10 C:\Server\domains\localhost\public_html\yii\intersvyazTest\vendor\yiisoft\yii\framework\web\CController.php(286): CController->runAction(Object(CInlineAction))
#11 C:\Server\domains\localhost\public_html\yii\intersvyazTest\vendor\yiisoft\yii\framework\web\CController.php(265): CController->runActionWithFilters(Object(CInlineAction), Array)
#12 C:\Server\domains\localhost\public_html\yii\intersvyazTest\vendor\yiisoft\yii\framework\web\CWebApplication.php(282): CController->run('index')
#13 C:\Server\domains\localhost\public_html\yii\intersvyazTest\vendor\yiisoft\yii\framework\web\CWebApplication.php(141): CWebApplication->runController('gii/model/index')
#14 C:\Server\domains\localhost\public_html\yii\intersvyazTest\vendor\yiisoft\yii\framework\base\CApplication.php(184): CWebApplication->processRequest()
#15 C:\Server\domains\localhost\public_html\yii\intersvyazTest\index.php(15): CApplication->run()
#16 {main}
REQUEST_URI=/yii/intersvyazTest/index.php?r=gii/model/index
HTTP_REFERER=http://localhost/yii/intersvyazTest/index.php?r=gii
---
2015/12/01 22:36:31 [error] [exception.CDbException] exception 'CDbException' with message 'CDbConnection failed to open the DB connection: could not find driver' in C:\Server\domains\localhost\public_html\yii\intersvyazTest\vendor\yiisoft\yii\framework\db\CDbConnection.php:399
Stack trace:
#0 C:\Server\domains\localhost\public_html\yii\intersvyazTest\vendor\yiisoft\yii\framework\db\CDbConnection.php(347): CDbConnection->open()
#1 C:\Server\domains\localhost\public_html\yii\intersvyazTest\vendor\yiisoft\yii\framework\db\CDbConnection.php(325): CDbConnection->setActive(true)
#2 C:\Server\domains\localhost\public_html\yii\intersvyazTest\vendor\yiisoft\yii\framework\base\CModule.php(394): CDbConnection->init()
#3 C:\Server\domains\localhost\public_html\yii\intersvyazTest\vendor\yiisoft\yii\framework\base\CModule.php(103): CModule->getComponent('db')
#4 C:\Server\domains\localhost\public_html\yii\intersvyazTest\vendor\yiisoft\yii\framework\gii\generators\model\ModelCode.php(60): CModule->__get('db')
#5 C:\Server\domains\localhost\public_html\yii\intersvyazTest\vendor\yiisoft\yii\framework\web\CFormModel.php(39): ModelCode->init()
#6 C:\Server\domains\localhost\public_html\yii\intersvyazTest\vendor\yiisoft\yii\framework\gii\CCodeGenerator.php(153): CFormModel->__construct()
#7 C:\Server\domains\localhost\public_html\yii\intersvyazTest\vendor\yiisoft\yii\framework\gii\CCodeGenerator.php(63): CCodeGenerator->prepare()
#8 C:\Server\domains\localhost\public_html\yii\intersvyazTest\vendor\yiisoft\yii\framework\web\actions\CInlineAction.php(49): CCodeGenerator->actionIndex()
#9 C:\Server\domains\localhost\public_html\yii\intersvyazTest\vendor\yiisoft\yii\framework\web\CController.php(308): CInlineAction->runWithParams(Array)
#10 C:\Server\domains\localhost\public_html\yii\intersvyazTest\vendor\yiisoft\yii\framework\web\CController.php(286): CController->runAction(Object(CInlineAction))
#11 C:\Server\domains\localhost\public_html\yii\intersvyazTest\vendor\yiisoft\yii\framework\web\CController.php(265): CController->runActionWithFilters(Object(CInlineAction), Array)
#12 C:\Server\domains\localhost\public_html\yii\intersvyazTest\vendor\yiisoft\yii\framework\web\CWebApplication.php(282): CController->run('index')
#13 C:\Server\domains\localhost\public_html\yii\intersvyazTest\vendor\yiisoft\yii\framework\web\CWebApplication.php(141): CWebApplication->runController('gii/model/index')
#14 C:\Server\domains\localhost\public_html\yii\intersvyazTest\vendor\yiisoft\yii\framework\base\CApplication.php(184): CWebApplication->processRequest()
#15 C:\Server\domains\localhost\public_html\yii\intersvyazTest\index.php(15): CApplication->run()
#16 {main}
REQUEST_URI=/yii/intersvyazTest/index.php?r=gii/model/index
HTTP_REFERER=http://localhost/yii/intersvyazTest/index.php?r=gii
---
2015/12/01 22:37:57 [error] [exception.CDbException] exception 'CDbException' with message 'CDbConnection failed to open the DB connection: could not find driver' in C:\Server\domains\localhost\public_html\yii\intersvyazTest\vendor\yiisoft\yii\framework\db\CDbConnection.php:399
Stack trace:
#0 C:\Server\domains\localhost\public_html\yii\intersvyazTest\vendor\yiisoft\yii\framework\db\CDbConnection.php(347): CDbConnection->open()
#1 C:\Server\domains\localhost\public_html\yii\intersvyazTest\vendor\yiisoft\yii\framework\db\CDbConnection.php(325): CDbConnection->setActive(true)
#2 C:\Server\domains\localhost\public_html\yii\intersvyazTest\vendor\yiisoft\yii\framework\base\CModule.php(394): CDbConnection->init()
#3 C:\Server\domains\localhost\public_html\yii\intersvyazTest\vendor\yiisoft\yii\framework\base\CModule.php(103): CModule->getComponent('db')
#4 C:\Server\domains\localhost\public_html\yii\intersvyazTest\vendor\yiisoft\yii\framework\gii\generators\model\ModelCode.php(60): CModule->__get('db')
#5 C:\Server\domains\localhost\public_html\yii\intersvyazTest\vendor\yiisoft\yii\framework\web\CFormModel.php(39): ModelCode->init()
#6 C:\Server\domains\localhost\public_html\yii\intersvyazTest\vendor\yiisoft\yii\framework\gii\CCodeGenerator.php(153): CFormModel->__construct()
#7 C:\Server\domains\localhost\public_html\yii\intersvyazTest\vendor\yiisoft\yii\framework\gii\CCodeGenerator.php(63): CCodeGenerator->prepare()
#8 C:\Server\domains\localhost\public_html\yii\intersvyazTest\vendor\yiisoft\yii\framework\web\actions\CInlineAction.php(49): CCodeGenerator->actionIndex()
#9 C:\Server\domains\localhost\public_html\yii\intersvyazTest\vendor\yiisoft\yii\framework\web\CController.php(308): CInlineAction->runWithParams(Array)
#10 C:\Server\domains\localhost\public_html\yii\intersvyazTest\vendor\yiisoft\yii\framework\web\CController.php(286): CController->runAction(Object(CInlineAction))
#11 C:\Server\domains\localhost\public_html\yii\intersvyazTest\vendor\yiisoft\yii\framework\web\CController.php(265): CController->runActionWithFilters(Object(CInlineAction), Array)
#12 C:\Server\domains\localhost\public_html\yii\intersvyazTest\vendor\yiisoft\yii\framework\web\CWebApplication.php(282): CController->run('index')
#13 C:\Server\domains\localhost\public_html\yii\intersvyazTest\vendor\yiisoft\yii\framework\web\CWebApplication.php(141): CWebApplication->runController('gii/model/index')
#14 C:\Server\domains\localhost\public_html\yii\intersvyazTest\vendor\yiisoft\yii\framework\base\CApplication.php(184): CWebApplication->processRequest()
#15 C:\Server\domains\localhost\public_html\yii\intersvyazTest\index.php(15): CApplication->run()
#16 {main}
REQUEST_URI=/yii/intersvyazTest/index.php?r=gii/model/index
HTTP_REFERER=http://localhost/yii/intersvyazTest/index.php?r=gii
---
2015/12/01 22:38:04 [error] [exception.CDbException] exception 'CDbException' with message 'CDbConnection failed to open the DB connection: could not find driver' in C:\Server\domains\localhost\public_html\yii\intersvyazTest\vendor\yiisoft\yii\framework\db\CDbConnection.php:399
Stack trace:
#0 C:\Server\domains\localhost\public_html\yii\intersvyazTest\vendor\yiisoft\yii\framework\db\CDbConnection.php(347): CDbConnection->open()
#1 C:\Server\domains\localhost\public_html\yii\intersvyazTest\vendor\yiisoft\yii\framework\db\CDbConnection.php(325): CDbConnection->setActive(true)
#2 C:\Server\domains\localhost\public_html\yii\intersvyazTest\vendor\yiisoft\yii\framework\base\CModule.php(394): CDbConnection->init()
#3 C:\Server\domains\localhost\public_html\yii\intersvyazTest\vendor\yiisoft\yii\framework\base\CModule.php(103): CModule->getComponent('db')
#4 C:\Server\domains\localhost\public_html\yii\intersvyazTest\vendor\yiisoft\yii\framework\gii\generators\model\ModelCode.php(60): CModule->__get('db')
#5 C:\Server\domains\localhost\public_html\yii\intersvyazTest\vendor\yiisoft\yii\framework\web\CFormModel.php(39): ModelCode->init()
#6 C:\Server\domains\localhost\public_html\yii\intersvyazTest\vendor\yiisoft\yii\framework\gii\CCodeGenerator.php(153): CFormModel->__construct()
#7 C:\Server\domains\localhost\public_html\yii\intersvyazTest\vendor\yiisoft\yii\framework\gii\CCodeGenerator.php(63): CCodeGenerator->prepare()
#8 C:\Server\domains\localhost\public_html\yii\intersvyazTest\vendor\yiisoft\yii\framework\web\actions\CInlineAction.php(49): CCodeGenerator->actionIndex()
#9 C:\Server\domains\localhost\public_html\yii\intersvyazTest\vendor\yiisoft\yii\framework\web\CController.php(308): CInlineAction->runWithParams(Array)
#10 C:\Server\domains\localhost\public_html\yii\intersvyazTest\vendor\yiisoft\yii\framework\web\CController.php(286): CController->runAction(Object(CInlineAction))
#11 C:\Server\domains\localhost\public_html\yii\intersvyazTest\vendor\yiisoft\yii\framework\web\CController.php(265): CController->runActionWithFilters(Object(CInlineAction), Array)
#12 C:\Server\domains\localhost\public_html\yii\intersvyazTest\vendor\yiisoft\yii\framework\web\CWebApplication.php(282): CController->run('index')
#13 C:\Server\domains\localhost\public_html\yii\intersvyazTest\vendor\yiisoft\yii\framework\web\CWebApplication.php(141): CWebApplication->runController('gii/model/index')
#14 C:\Server\domains\localhost\public_html\yii\intersvyazTest\vendor\yiisoft\yii\framework\base\CApplication.php(184): CWebApplication->processRequest()
#15 C:\Server\domains\localhost\public_html\yii\intersvyazTest\index.php(15): CApplication->run()
#16 {main}
REQUEST_URI=/yii/intersvyazTest/index.php?r=gii/model/index
HTTP_REFERER=http://localhost/yii/intersvyazTest/index.php?r=gii
---
2015/12/01 22:38:18 [error] [exception.CDbException] exception 'CDbException' with message 'CDbConnection failed to open the DB connection: could not find driver' in C:\Server\domains\localhost\public_html\yii\intersvyazTest\vendor\yiisoft\yii\framework\db\CDbConnection.php:399
Stack trace:
#0 C:\Server\domains\localhost\public_html\yii\intersvyazTest\vendor\yiisoft\yii\framework\db\CDbConnection.php(347): CDbConnection->open()
#1 C:\Server\domains\localhost\public_html\yii\intersvyazTest\vendor\yiisoft\yii\framework\db\CDbConnection.php(325): CDbConnection->setActive(true)
#2 C:\Server\domains\localhost\public_html\yii\intersvyazTest\vendor\yiisoft\yii\framework\base\CModule.php(394): CDbConnection->init()
#3 C:\Server\domains\localhost\public_html\yii\intersvyazTest\vendor\yiisoft\yii\framework\base\CModule.php(103): CModule->getComponent('db')
#4 C:\Server\domains\localhost\public_html\yii\intersvyazTest\vendor\yiisoft\yii\framework\gii\generators\model\ModelCode.php(60): CModule->__get('db')
#5 C:\Server\domains\localhost\public_html\yii\intersvyazTest\vendor\yiisoft\yii\framework\web\CFormModel.php(39): ModelCode->init()
#6 C:\Server\domains\localhost\public_html\yii\intersvyazTest\vendor\yiisoft\yii\framework\gii\CCodeGenerator.php(153): CFormModel->__construct()
#7 C:\Server\domains\localhost\public_html\yii\intersvyazTest\vendor\yiisoft\yii\framework\gii\CCodeGenerator.php(63): CCodeGenerator->prepare()
#8 C:\Server\domains\localhost\public_html\yii\intersvyazTest\vendor\yiisoft\yii\framework\web\actions\CInlineAction.php(49): CCodeGenerator->actionIndex()
#9 C:\Server\domains\localhost\public_html\yii\intersvyazTest\vendor\yiisoft\yii\framework\web\CController.php(308): CInlineAction->runWithParams(Array)
#10 C:\Server\domains\localhost\public_html\yii\intersvyazTest\vendor\yiisoft\yii\framework\web\CController.php(286): CController->runAction(Object(CInlineAction))
#11 C:\Server\domains\localhost\public_html\yii\intersvyazTest\vendor\yiisoft\yii\framework\web\CController.php(265): CController->runActionWithFilters(Object(CInlineAction), Array)
#12 C:\Server\domains\localhost\public_html\yii\intersvyazTest\vendor\yiisoft\yii\framework\web\CWebApplication.php(282): CController->run('index')
#13 C:\Server\domains\localhost\public_html\yii\intersvyazTest\vendor\yiisoft\yii\framework\web\CWebApplication.php(141): CWebApplication->runController('gii/model/index')
#14 C:\Server\domains\localhost\public_html\yii\intersvyazTest\vendor\yiisoft\yii\framework\base\CApplication.php(184): CWebApplication->processRequest()
#15 C:\Server\domains\localhost\public_html\yii\intersvyazTest\index.php(15): CApplication->run()
#16 {main}
REQUEST_URI=/yii/intersvyazTest/index.php?r=gii/model/index
HTTP_REFERER=http://localhost/yii/intersvyazTest/index.php?r=gii
---
2015/12/01 22:54:07 [error] [exception.CDbException] exception 'CDbException' with message 'CDbConnection failed to open the DB connection: could not find driver' in C:\Server\domains\localhost\public_html\yii\intersvyazTest\vendor\yiisoft\yii\framework\db\CDbConnection.php:399
Stack trace:
#0 C:\Server\domains\localhost\public_html\yii\intersvyazTest\vendor\yiisoft\yii\framework\db\CDbConnection.php(347): CDbConnection->open()
#1 C:\Server\domains\localhost\public_html\yii\intersvyazTest\vendor\yiisoft\yii\framework\db\CDbConnection.php(325): CDbConnection->setActive(true)
#2 C:\Server\domains\localhost\public_html\yii\intersvyazTest\vendor\yiisoft\yii\framework\base\CModule.php(394): CDbConnection->init()
#3 C:\Server\domains\localhost\public_html\yii\intersvyazTest\vendor\yiisoft\yii\framework\base\CModule.php(103): CModule->getComponent('db')
#4 C:\Server\domains\localhost\public_html\yii\intersvyazTest\vendor\yiisoft\yii\framework\gii\generators\model\ModelCode.php(60): CModule->__get('db')
#5 C:\Server\domains\localhost\public_html\yii\intersvyazTest\vendor\yiisoft\yii\framework\web\CFormModel.php(39): ModelCode->init()
#6 C:\Server\domains\localhost\public_html\yii\intersvyazTest\vendor\yiisoft\yii\framework\gii\CCodeGenerator.php(153): CFormModel->__construct()
#7 C:\Server\domains\localhost\public_html\yii\intersvyazTest\vendor\yiisoft\yii\framework\gii\CCodeGenerator.php(63): CCodeGenerator->prepare()
#8 C:\Server\domains\localhost\public_html\yii\intersvyazTest\vendor\yiisoft\yii\framework\web\actions\CInlineAction.php(49): CCodeGenerator->actionIndex()
#9 C:\Server\domains\localhost\public_html\yii\intersvyazTest\vendor\yiisoft\yii\framework\web\CController.php(308): CInlineAction->runWithParams(Array)
#10 C:\Server\domains\localhost\public_html\yii\intersvyazTest\vendor\yiisoft\yii\framework\web\CController.php(286): CController->runAction(Object(CInlineAction))
#11 C:\Server\domains\localhost\public_html\yii\intersvyazTest\vendor\yiisoft\yii\framework\web\CController.php(265): CController->runActionWithFilters(Object(CInlineAction), Array)
#12 C:\Server\domains\localhost\public_html\yii\intersvyazTest\vendor\yiisoft\yii\framework\web\CWebApplication.php(282): CController->run('index')
#13 C:\Server\domains\localhost\public_html\yii\intersvyazTest\vendor\yiisoft\yii\framework\web\CWebApplication.php(141): CWebApplication->runController('gii/model/index')
#14 C:\Server\domains\localhost\public_html\yii\intersvyazTest\vendor\yiisoft\yii\framework\base\CApplication.php(184): CWebApplication->processRequest()
#15 C:\Server\domains\localhost\public_html\yii\intersvyazTest\index.php(15): CApplication->run()
#16 {main}
REQUEST_URI=/yii/intersvyazTest/index.php?r=gii/model/index
HTTP_REFERER=http://localhost/yii/intersvyazTest/index.php?r=gii/default/index
---
2015/12/01 22:54:23 [error] [exception.CDbException] exception 'CDbException' with message 'CDbConnection failed to open the DB connection: could not find driver' in C:\Server\domains\localhost\public_html\yii\intersvyazTest\vendor\yiisoft\yii\framework\db\CDbConnection.php:399
Stack trace:
#0 C:\Server\domains\localhost\public_html\yii\intersvyazTest\vendor\yiisoft\yii\framework\db\CDbConnection.php(347): CDbConnection->open()
#1 C:\Server\domains\localhost\public_html\yii\intersvyazTest\vendor\yiisoft\yii\framework\db\CDbConnection.php(325): CDbConnection->setActive(true)
#2 C:\Server\domains\localhost\public_html\yii\intersvyazTest\vendor\yiisoft\yii\framework\base\CModule.php(394): CDbConnection->init()
#3 C:\Server\domains\localhost\public_html\yii\intersvyazTest\vendor\yiisoft\yii\framework\base\CModule.php(103): CModule->getComponent('db')
#4 C:\Server\domains\localhost\public_html\yii\intersvyazTest\vendor\yiisoft\yii\framework\gii\generators\model\ModelCode.php(60): CModule->__get('db')
#5 C:\Server\domains\localhost\public_html\yii\intersvyazTest\vendor\yiisoft\yii\framework\web\CFormModel.php(39): ModelCode->init()
#6 C:\Server\domains\localhost\public_html\yii\intersvyazTest\vendor\yiisoft\yii\framework\gii\CCodeGenerator.php(153): CFormModel->__construct()
#7 C:\Server\domains\localhost\public_html\yii\intersvyazTest\vendor\yiisoft\yii\framework\gii\CCodeGenerator.php(63): CCodeGenerator->prepare()
#8 C:\Server\domains\localhost\public_html\yii\intersvyazTest\vendor\yiisoft\yii\framework\web\actions\CInlineAction.php(49): CCodeGenerator->actionIndex()
#9 C:\Server\domains\localhost\public_html\yii\intersvyazTest\vendor\yiisoft\yii\framework\web\CController.php(308): CInlineAction->runWithParams(Array)
#10 C:\Server\domains\localhost\public_html\yii\intersvyazTest\vendor\yiisoft\yii\framework\web\CController.php(286): CController->runAction(Object(CInlineAction))
#11 C:\Server\domains\localhost\public_html\yii\intersvyazTest\vendor\yiisoft\yii\framework\web\CController.php(265): CController->runActionWithFilters(Object(CInlineAction), Array)
#12 C:\Server\domains\localhost\public_html\yii\intersvyazTest\vendor\yiisoft\yii\framework\web\CWebApplication.php(282): CController->run('index')
#13 C:\Server\domains\localhost\public_html\yii\intersvyazTest\vendor\yiisoft\yii\framework\web\CWebApplication.php(141): CWebApplication->runController('gii/model/index')
#14 C:\Server\domains\localhost\public_html\yii\intersvyazTest\vendor\yiisoft\yii\framework\base\CApplication.php(184): CWebApplication->processRequest()
#15 C:\Server\domains\localhost\public_html\yii\intersvyazTest\index.php(15): CApplication->run()
#16 {main}
REQUEST_URI=/yii/intersvyazTest/index.php?r=gii/model/index
HTTP_REFERER=http://localhost/yii/intersvyazTest/index.php?r=gii/default/index
---
2015/12/01 23:15:36 [error] [exception.CDbException] exception 'CDbException' with message 'CDbConnection failed to open the DB connection: SQLSTATE[HY000] [14] unable to open database file' in C:\Server\domains\localhost\public_html\yii\intersvyazTest\vendor\yiisoft\yii\framework\db\CDbConnection.php:399
Stack trace:
#0 C:\Server\domains\localhost\public_html\yii\intersvyazTest\vendor\yiisoft\yii\framework\db\CDbConnection.php(347): CDbConnection->open()
#1 C:\Server\domains\localhost\public_html\yii\intersvyazTest\vendor\yiisoft\yii\framework\db\CDbConnection.php(325): CDbConnection->setActive(true)
#2 C:\Server\domains\localhost\public_html\yii\intersvyazTest\vendor\yiisoft\yii\framework\base\CModule.php(394): CDbConnection->init()
#3 C:\Server\domains\localhost\public_html\yii\intersvyazTest\vendor\yiisoft\yii\framework\base\CModule.php(103): CModule->getComponent('db')
#4 C:\Server\domains\localhost\public_html\yii\intersvyazTest\vendor\yiisoft\yii\framework\gii\generators\model\ModelCode.php(60): CModule->__get('db')
#5 C:\Server\domains\localhost\public_html\yii\intersvyazTest\vendor\yiisoft\yii\framework\web\CFormModel.php(39): ModelCode->init()
#6 C:\Server\domains\localhost\public_html\yii\intersvyazTest\vendor\yiisoft\yii\framework\gii\CCodeGenerator.php(153): CFormModel->__construct()
#7 C:\Server\domains\localhost\public_html\yii\intersvyazTest\vendor\yiisoft\yii\framework\gii\CCodeGenerator.php(63): CCodeGenerator->prepare()
#8 C:\Server\domains\localhost\public_html\yii\intersvyazTest\vendor\yiisoft\yii\framework\web\actions\CInlineAction.php(49): CCodeGenerator->actionIndex()
#9 C:\Server\domains\localhost\public_html\yii\intersvyazTest\vendor\yiisoft\yii\framework\web\CController.php(308): CInlineAction->runWithParams(Array)
#10 C:\Server\domains\localhost\public_html\yii\intersvyazTest\vendor\yiisoft\yii\framework\web\CController.php(286): CController->runAction(Object(CInlineAction))
#11 C:\Server\domains\localhost\public_html\yii\intersvyazTest\vendor\yiisoft\yii\framework\web\CController.php(265): CController->runActionWithFilters(Object(CInlineAction), Array)
#12 C:\Server\domains\localhost\public_html\yii\intersvyazTest\vendor\yiisoft\yii\framework\web\CWebApplication.php(282): CController->run('index')
#13 C:\Server\domains\localhost\public_html\yii\intersvyazTest\vendor\yiisoft\yii\framework\web\CWebApplication.php(141): CWebApplication->runController('gii/model/index')
#14 C:\Server\domains\localhost\public_html\yii\intersvyazTest\vendor\yiisoft\yii\framework\base\CApplication.php(184): CWebApplication->processRequest()
#15 C:\Server\domains\localhost\public_html\yii\intersvyazTest\index.php(15): CApplication->run()
#16 {main}
REQUEST_URI=/yii/intersvyazTest/index.php?r=gii/model/index
HTTP_REFERER=http://localhost/yii/intersvyazTest/index.php?r=gii/default/index
---
2015/12/01 23:16:05 [error] [exception.CDbException] exception 'CDbException' with message 'CDbConnection failed to open the DB connection: SQLSTATE[HY000] [14] unable to open database file' in C:\Server\domains\localhost\public_html\yii\intersvyazTest\vendor\yiisoft\yii\framework\db\CDbConnection.php:399
Stack trace:
#0 C:\Server\domains\localhost\public_html\yii\intersvyazTest\vendor\yiisoft\yii\framework\db\CDbConnection.php(347): CDbConnection->open()
#1 C:\Server\domains\localhost\public_html\yii\intersvyazTest\vendor\yiisoft\yii\framework\db\CDbConnection.php(325): CDbConnection->setActive(true)
#2 C:\Server\domains\localhost\public_html\yii\intersvyazTest\vendor\yiisoft\yii\framework\base\CModule.php(394): CDbConnection->init()
#3 C:\Server\domains\localhost\public_html\yii\intersvyazTest\vendor\yiisoft\yii\framework\base\CModule.php(103): CModule->getComponent('db')
#4 C:\Server\domains\localhost\public_html\yii\intersvyazTest\vendor\yiisoft\yii\framework\gii\generators\model\ModelCode.php(60): CModule->__get('db')
#5 C:\Server\domains\localhost\public_html\yii\intersvyazTest\vendor\yiisoft\yii\framework\web\CFormModel.php(39): ModelCode->init()
#6 C:\Server\domains\localhost\public_html\yii\intersvyazTest\vendor\yiisoft\yii\framework\gii\CCodeGenerator.php(153): CFormModel->__construct()
#7 C:\Server\domains\localhost\public_html\yii\intersvyazTest\vendor\yiisoft\yii\framework\gii\CCodeGenerator.php(63): CCodeGenerator->prepare()
#8 C:\Server\domains\localhost\public_html\yii\intersvyazTest\vendor\yiisoft\yii\framework\web\actions\CInlineAction.php(49): CCodeGenerator->actionIndex()
#9 C:\Server\domains\localhost\public_html\yii\intersvyazTest\vendor\yiisoft\yii\framework\web\CController.php(308): CInlineAction->runWithParams(Array)
#10 C:\Server\domains\localhost\public_html\yii\intersvyazTest\vendor\yiisoft\yii\framework\web\CController.php(286): CController->runAction(Object(CInlineAction))
#11 C:\Server\domains\localhost\public_html\yii\intersvyazTest\vendor\yiisoft\yii\framework\web\CController.php(265): CController->runActionWithFilters(Object(CInlineAction), Array)
#12 C:\Server\domains\localhost\public_html\yii\intersvyazTest\vendor\yiisoft\yii\framework\web\CWebApplication.php(282): CController->run('index')
#13 C:\Server\domains\localhost\public_html\yii\intersvyazTest\vendor\yiisoft\yii\framework\web\CWebApplication.php(141): CWebApplication->runController('gii/model/index')
#14 C:\Server\domains\localhost\public_html\yii\intersvyazTest\vendor\yiisoft\yii\framework\base\CApplication.php(184): CWebApplication->processRequest()
#15 C:\Server\domains\localhost\public_html\yii\intersvyazTest\index.php(15): CApplication->run()
#16 {main}
REQUEST_URI=/yii/intersvyazTest/index.php?r=gii/model/index
HTTP_REFERER=http://localhost/yii/intersvyazTest/index.php?r=gii/default/index
---
2015/12/01 23:24:16 [error] [exception.CHttpException.404] exception 'CHttpException' with message 'Unable to resolve the request "post".' in C:\Server\domains\localhost\public_html\yii\intersvyazTest\vendor\yiisoft\yii\framework\web\CWebApplication.php:286
Stack trace:
#0 C:\Server\domains\localhost\public_html\yii\intersvyazTest\vendor\yiisoft\yii\framework\web\CWebApplication.php(141): CWebApplication->runController('post')
#1 C:\Server\domains\localhost\public_html\yii\intersvyazTest\vendor\yiisoft\yii\framework\base\CApplication.php(184): CWebApplication->processRequest()
#2 C:\Server\domains\localhost\public_html\yii\intersvyazTest\index.php(15): CApplication->run()
#3 {main}
REQUEST_URI=/yii/intersvyazTest/index.php?r=post
---
